<?xml version="1.0" encoding="UTF-8"?>
<!-- Generated by org.testng.reporters.JUnitReportReporter -->
<testsuite skipped="0" hostname="YP1005145DT" name="TestAutomation.getCall" tests="1" failures="0" timestamp="15 Oct 2019 10:19:46 GMT" time="2.487" errors="0">
  <testcase name="getCallExample" time="2.487" classname="TestAutomation.getCall"/>
</testsuite> <!-- TestAutomation.getCall -->
