<?xml version="1.0" encoding="UTF-8"?>
<!-- Generated by org.testng.reporters.JUnitReportReporter -->
<testsuite skipped="0" hostname="YP1005145DT" name="RestAssuredInBDD.RestAssuredInBDD.get_restAssuredTests" tests="1" failures="0" timestamp="26 Nov 2019 06:17:33 GMT" time="1.838" errors="0">
  <testcase name="getEmployeeDetails" time="1.838" classname="RestAssuredInBDD.RestAssuredInBDD.get_restAssuredTests"/>
</testsuite> <!-- RestAssuredInBDD.RestAssuredInBDD.get_restAssuredTests -->
