<?xml version="1.0" encoding="UTF-8"?>
<!-- Generated by org.testng.reporters.JUnitReportReporter -->
<testsuite skipped="0" hostname="YP1005145DT" name="RestAssuredInBDD.RestAssuredInBDD.put_UpdateRequest" tests="1" failures="0" timestamp="27 Sep 2019 11:19:36 GMT" time="2.035" errors="0">
  <testcase name="testPut" time="2.035" classname="RestAssuredInBDD.RestAssuredInBDD.put_UpdateRequest"/>
</testsuite> <!-- RestAssuredInBDD.RestAssuredInBDD.put_UpdateRequest -->
